<?xml version="1.0" encoding="UTF-8"?>
<!-- Generated by org.testng.reporters.JUnitXMLReporter -->
<testsuite hostname="LAPTOP-AUG5HGQL" ignored="0" name="Test" tests="6" failures="0" timestamp="05 Dec 2020 04:50:11 GMT" time="393.648" errors="0">
  <testcase name="CaptureScreenshot" time="51.942" classname="utils.Screenshots"/>
  <testcase name="test1" time="105.013" classname="utils.ExcelDataProvider"/>
  <testcase name="test1" time="43.462" classname="utils.ExcelDataProvider"/>
  <testcase name="test1" time="94.348" classname="utils.ExcelDataProvider"/>
  <testcase name="test1" time="60.376" classname="utils.ExcelDataProvider"/>
  <testcase name="LoginTest" time="16.341" classname="utils.ExtentReportsResult"/>
</testsuite> <!-- Test -->
